CMakeFiles/opencv_process_node.dir/src/opencv_process_node.cpp.o：在函数‘main’中：
opencv_process_node.cpp:(.text+0xb22)：对‘cv::imshow(cv::String const&, cv::_InputArray const&)’未定义的引用
opencv_process_node.cpp:(.text+0xbb5)：对‘cv::imshow(cv::String const&, cv::_InputArray const&)’未定义的引用
opencv_process_node.cpp:(.text+0xbec)：对‘cv::waitKey(int)’未定义的引用
collect2: error: ld returned 1 exit status
make[2]: *** [/home/chshy/ros_ws/opencv/devel/.private/opencv_process/lib/opencv_process/opencv_process_node] Error 1
make[1]: *** [CMakeFiles/opencv_process_node.dir/all] Error 2
make: *** [all] Error 2
