In file included from [01m[K/opt/ros/melodic/include/ros/ros.h:40:0[m[K,
                 from [01m[K/home/chshy/ros_ws/opencv/src/opencv_process/src/opencv_process_node.cpp:3[m[K:
[01m[K/home/chshy/ros_ws/opencv/src/opencv_process/include/opencv_process/d435_subscriber.hpp:[m[K In member function â€˜[01m[Kvoid d435_subscriber::RGB_cb(const ConstPtr&)[m[Kâ€™:
[01m[K/opt/ros/melodic/include/ros/console.h:348:176:[m[K [01;35m[Kwarning: [m[Kformat â€˜[01m[K%s[m[Kâ€™ expects argument of type â€˜[01m[Kchar*[m[Kâ€™, but argument 9 has type â€˜[01m[Kconst string {aka const std::__cxx11::basic_string<char>}[m[Kâ€™ [[01;35m[K-Wformat=[m[K]
     ::ros::console::print(filter, __rosconsole_define_location__loc.logger_, __rosconsole_define_location__loc.level_, __FILE__, __LINE__, __ROSCONSOLE_FUNCTION__, __VA_ARGS__[01;35m[K)[m[K
                                                                                                                                                                                [01;35m[K^[m[K
[01m[K/opt/ros/melodic/include/ros/console.h:351:5:[m[K [01;36m[Knote: [m[Kin expansion of macro â€˜[01m[KROSCONSOLE_PRINT_AT_LOCATION_WITH_FILTER[m[Kâ€™
     [01;36m[KROSCONSOLE_PRINT_AT_LOCATION_WITH_FILTER[m[K(NULL, __VA_ARGS__)
     [01;36m[K^~~~~~~~~~~~~~~~~~~~~~~~~~~~~~~~~~~~~~~~[m[K
[01m[K/opt/ros/melodic/include/ros/console.h:387:7:[m[K [01;36m[Knote: [m[Kin expansion of macro â€˜[01m[KROSCONSOLE_PRINT_AT_LOCATION[m[Kâ€™
       [01;36m[KROSCONSOLE_PRINT_AT_LOCATION[m[K(__VA_ARGS__); \
       [01;36m[K^~~~~~~~~~~~~~~~~~~~~~~~~~~~[m[K
[01m[K/opt/ros/melodic/include/ros/console.h:572:35:[m[K [01;36m[Knote: [m[Kin expansion of macro â€˜[01m[KROS_LOG_COND[m[Kâ€™
 #define ROS_LOG(level, name, ...) [01;36m[KROS_LOG_COND[m[K(true, level, name, __VA_ARGS__)
                                   [01;36m[K^~~~~~~~~~~~[m[K
[01m[K/opt/ros/melodic/include/rosconsole/macros_generated.h:214:24:[m[K [01;36m[Knote: [m[Kin expansion of macro â€˜[01m[KROS_LOG[m[Kâ€™
 #define ROS_ERROR(...) [01;36m[KROS_LOG[m[K(::ros::console::levels::Error, ROSCONSOLE_DEFAULT_NAME, __VA_ARGS__)
                        [01;36m[K^~~~~~~[m[K
[01m[K/home/chshy/ros_ws/opencv/src/opencv_process/include/opencv_process/d435_subscriber.hpp:81:9:[m[K [01;36m[Knote: [m[Kin expansion of macro â€˜[01m[KROS_ERROR[m[Kâ€™
         [01;36m[KR[m[KOS_ERROR("RGB:Could not convert from '%s' to '%s'.", msg->encoding.c_str(), converted_format);
         [01;36m[K^[m[K
[01m[K/home/chshy/ros_ws/opencv/src/opencv_process/include/opencv_process/d435_subscriber.hpp:[m[K In member function â€˜[01m[Kvoid d435_subscriber::Depth_cb(const ConstPtr&)[m[Kâ€™:
[01m[K/opt/ros/melodic/include/ros/console.h:348:176:[m[K [01;35m[Kwarning: [m[Kformat â€˜[01m[K%s[m[Kâ€™ expects argument of type â€˜[01m[Kchar*[m[Kâ€™, but argument 9 has type â€˜[01m[Kconst string {aka const std::__cxx11::basic_string<char>}[m[Kâ€™ [[01;35m[K-Wformat=[m[K]
     ::ros::console::print(filter, __rosconsole_define_location__loc.logger_, __rosconsole_define_location__loc.level_, __FILE__, __LINE__, __ROSCONSOLE_FUNCTION__, __VA_ARGS__[01;35m[K)[m[K
                                                                                                                                                                                [01;35m[K^[m[K
[01m[K/opt/ros/melodic/include/ros/console.h:351:5:[m[K [01;36m[Knote: [m[Kin expansion of macro â€˜[01m[KROSCONSOLE_PRINT_AT_LOCATION_WITH_FILTER[m[Kâ€™
     [01;36m[KROSCONSOLE_PRINT_AT_LOCATION_WITH_FILTER[m[K(NULL, __VA_ARGS__)
     [01;36m[K^~~~~~~~~~~~~~~~~~~~~~~~~~~~~~~~~~~~~~~~[m[K
[01m[K/opt/ros/melodic/include/ros/console.h:387:7:[m[K [01;36m[Knote: [m[Kin expansion of macro â€˜[01m[KROSCONSOLE_PRINT_AT_LOCATION[m[Kâ€™
       [01;36m[KROSCONSOLE_PRINT_AT_LOCATION[m[K(__VA_ARGS__); \
       [01;36m[K^~~~~~~~~~~~~~~~~~~~~~~~~~~~[m[K
[01m[K/opt/ros/melodic/include/ros/console.h:572:35:[m[K [01;36m[Knote: [m[Kin expansion of macro â€˜[01m[KROS_LOG_COND[m[Kâ€™
 #define ROS_LOG(level, name, ...) [01;36m[KROS_LOG_COND[m[K(true, level, name, __VA_ARGS__)
                                   [01;36m[K^~~~~~~~~~~~[m[K
[01m[K/opt/ros/melodic/include/rosconsole/macros_generated.h:214:24:[m[K [01;36m[Knote: [m[Kin expansion of macro â€˜[01m[KROS_LOG[m[Kâ€™
 #define ROS_ERROR(...) [01;36m[KROS_LOG[m[K(::ros::console::levels::Error, ROSCONSOLE_DEFAULT_NAME, __VA_ARGS__)
                        [01;36m[K^~~~~~~[m[K
[01m[K/home/chshy/ros_ws/opencv/src/opencv_process/include/opencv_process/d435_subscriber.hpp:97:9:[m[K [01;36m[Knote: [m[Kin expansion of macro â€˜[01m[KROS_ERROR[m[Kâ€™
         [01;36m[KR[m[KOS_ERROR("DEPTH:Could not convert from '%s' to '%s'.", msg->encoding.c_str(), converted_format);
         [01;36m[K^[m[K
[01m[K/home/chshy/ros_ws/opencv/src/opencv_process/src/opencv_process_node.cpp:[m[K In function â€˜[01m[Kint main(int, char**)[m[Kâ€™:
[01m[K/home/chshy/ros_ws/opencv/src/opencv_process/src/opencv_process_node.cpp:21:35:[m[K [01;31m[Kerror: [m[Kâ€˜[01m[KD435_DEPTH_Cam[m[Kâ€™ was not declared in this scope
         cv::Mat dep = d435.getCam([01;31m[KD435_DEPTH_Cam[m[K);
                                   [01;31m[K^~~~~~~~~~~~~~[m[K
[01m[K/home/chshy/ros_ws/opencv/src/opencv_process/src/opencv_process_node.cpp:21:35:[m[K [01;36m[Knote: [m[Ksuggested alternative: â€˜[01m[KD435_Depth_Cam[m[Kâ€™
         cv::Mat dep = d435.getCam([01;36m[KD435_DEPTH_Cam[m[K);
                                   [01;36m[K^~~~~~~~~~~~~~[m[K
                                   [32m[KD435_Depth_Cam[m[K
make[2]: *** [CMakeFiles/opencv_process_node.dir/src/opencv_process_node.cpp.o] Error 1
make[1]: *** [CMakeFiles/opencv_process_node.dir/all] Error 2
make: *** [all] Error 2
