In file included from [01m[K/home/chshy/ros_ws/opencv/src/opencv_process/src/opencv_process_node.cpp:7:0[m[K:
[01m[K/home/chshy/ros_ws/opencv/src/opencv_process/include/opencv_process/d435_subscriber.hpp:42:65:[m[K [01;31m[Kerror: [m[Kdefault argument given for parameter 1 of â€˜[01m[Kcv::Mat d435_subscriber::getCam(D435_Cam_Type)[m[Kâ€™ [[01;31m[K-fpermissive[m[K]
 cv::Mat d435_subscriber::getCam(D435_Cam_Type cam = D435_RGB_Cam[01;31m[K)[m[K
                                                                 [01;31m[K^[m[K
[01m[K/home/chshy/ros_ws/opencv/src/opencv_process/include/opencv_process/d435_subscriber.hpp:24:13:[m[K [01;36m[Knote: [m[Kprevious specification in â€˜[01m[Kcv::Mat d435_subscriber::getCam(D435_Cam_Type)[m[Kâ€™ here
     cv::Mat [01;36m[KgetCam[m[K(D435_Cam_Type cam = D435_RGB_Cam);
             [01;36m[K^~~~~~[m[K
[01m[K/home/chshy/ros_ws/opencv/src/opencv_process/include/opencv_process/d435_subscriber.hpp:54:76:[m[K [01;31m[Kerror: [m[Kcannot declare member function â€˜[01m[Kstatic void d435_subscriber::RGB_cb(const ConstPtr&)[m[Kâ€™ to have static linkage [[01;31m[K-fpermissive[m[K]
 static void d435_subscriber::RGB_cb(const sensor_msgs::Image::ConstPtr &msg[01;31m[K)[m[K
                                                                            [01;31m[K^[m[K
[01m[K/home/chshy/ros_ws/opencv/src/opencv_process/include/opencv_process/d435_subscriber.hpp:[m[K In static member function â€˜[01m[Kstatic void d435_subscriber::RGB_cb(const ConstPtr&)[m[Kâ€™:
[01m[K/home/chshy/ros_ws/opencv/src/opencv_process/include/opencv_process/d435_subscriber.hpp:60:9:[m[K [01;31m[Kerror: [m[Kâ€˜[01m[Kthis[m[Kâ€™ is unavailable for static member functions
         [01;31m[Kthis[m[K->RGB_Cam = cv_bridge::toCvShare(msg, sensor_msgs::image_encodings::TYPE_32FC1)->image;
         [01;31m[K^~~~[m[K
[01m[K/home/chshy/ros_ws/opencv/src/opencv_process/include/opencv_process/d435_subscriber.hpp:[m[K At global scope:
[01m[K/home/chshy/ros_ws/opencv/src/opencv_process/include/opencv_process/d435_subscriber.hpp:70:78:[m[K [01;31m[Kerror: [m[Kcannot declare member function â€˜[01m[Kstatic void d435_subscriber::Depth_cb(const ConstPtr&)[m[Kâ€™ to have static linkage [[01;31m[K-fpermissive[m[K]
 static void d435_subscriber::Depth_cb(const sensor_msgs::Image::ConstPtr &msg[01;31m[K)[m[K
                                                                              [01;31m[K^[m[K
[01m[K/home/chshy/ros_ws/opencv/src/opencv_process/include/opencv_process/d435_subscriber.hpp:[m[K In static member function â€˜[01m[Kstatic void d435_subscriber::Depth_cb(const ConstPtr&)[m[Kâ€™:
[01m[K/home/chshy/ros_ws/opencv/src/opencv_process/include/opencv_process/d435_subscriber.hpp:74:9:[m[K [01;31m[Kerror: [m[Kâ€˜[01m[Kthis[m[Kâ€™ is unavailable for static member functions
         [01;31m[Kthis[m[K->Depth_Cam = cv_bridge::toCvShare(msg, sensor_msgs::image_encodings::TYPE_32FC1)->image;
         [01;31m[K^~~~[m[K
make[2]: *** [CMakeFiles/opencv_process_node.dir/src/opencv_process_node.cpp.o] Error 1
make[1]: *** [CMakeFiles/opencv_process_node.dir/all] Error 2
make: *** [all] Error 2
