[01m[K/home/chshy/ros_ws/opencv/src/opencv_process/src/opencv_process_node.cpp:7:10:[m[K [01;31m[Kfatal error: [m[Kd435_subscriber.hpp: æ²¡æœ‰é‚£ä¸ªæ–‡ä»¶æˆ–ç›®å½•
 #include [01;31m[K<d435_subscriber.hpp>[m[K
          [01;31m[K^~~~~~~~~~~~~~~~~~~~~[m[K
compilation terminated.
make[2]: *** [CMakeFiles/opencv_process_node.dir/src/opencv_process_node.cpp.o] Error 1
make[1]: *** [CMakeFiles/opencv_process_node.dir/all] Error 2
make: *** [all] Error 2
